Using pre-set license
Built from '2022.3/staging' branch; Version is '2022.3.26f1 (ec6cd8118806) revision 15494360'; Using compiler version '192829333'; Build Type 'Release'
OS: 'Windows 10  (10.0.19045) 64bit Professional' Language: 'ko' Physical Memory: 16300 MB
BatchMode: 1, IsHumanControllingUs: 0, StartBugReporterOnCrash: 0, Is64bit: 1, IsPro: 1

COMMAND LINE ARGUMENTS:
C:\Program Files\Unity\Hub\Editor\2022.3.26f1\Editor\Unity.exe
-adb2
-batchMode
-noUpm
-name
AssetImportWorker3
-projectPath
C:/Users/haneol/Documents/GitHub/Traverse
-logFile
Logs/AssetImportWorker3.log
-srvPort
8342
Successfully changed project path to: C:/Users/haneol/Documents/GitHub/Traverse
C:/Users/haneol/Documents/GitHub/Traverse
[UnityMemory] Configuration Parameters - Can be set up in boot.config
    "memorysetup-bucket-allocator-granularity=16"
    "memorysetup-bucket-allocator-bucket-count=8"
    "memorysetup-bucket-allocator-block-size=33554432"
    "memorysetup-bucket-allocator-block-count=8"
    "memorysetup-main-allocator-block-size=16777216"
    "memorysetup-thread-allocator-block-size=16777216"
    "memorysetup-gfx-main-allocator-block-size=16777216"
    "memorysetup-gfx-thread-allocator-block-size=16777216"
    "memorysetup-cache-allocator-block-size=4194304"
    "memorysetup-typetree-allocator-block-size=2097152"
    "memorysetup-profiler-bucket-allocator-granularity=16"
    "memorysetup-profiler-bucket-allocator-bucket-count=8"
    "memorysetup-profiler-bucket-allocator-block-size=33554432"
    "memorysetup-profiler-bucket-allocator-block-count=8"
    "memorysetup-profiler-allocator-block-size=16777216"
    "memorysetup-profiler-editor-allocator-block-size=1048576"
    "memorysetup-temp-allocator-size-main=16777216"
    "memorysetup-job-temp-allocator-block-size=2097152"
    "memorysetup-job-temp-allocator-block-size-background=1048576"
    "memorysetup-job-temp-allocator-reduction-small-platforms=262144"
    "memorysetup-allocator-temp-initial-block-size-main=262144"
    "memorysetup-allocator-temp-initial-block-size-worker=262144"
    "memorysetup-temp-allocator-size-background-worker=32768"
    "memorysetup-temp-allocator-size-job-worker=262144"
    "memorysetup-temp-allocator-size-preload-manager=33554432"
    "memorysetup-temp-allocator-size-nav-mesh-worker=65536"
    "memorysetup-temp-allocator-size-audio-worker=65536"
    "memorysetup-temp-allocator-size-cloud-worker=32768"
    "memorysetup-temp-allocator-size-gi-baking-worker=262144"
    "memorysetup-temp-allocator-size-gfx=262144"
Player connection [10684] Host "[IP] 192.168.123.100 [Port] 0 [Flags] 2 [Guid] 1458533097 [EditorId] 1458533097 [Version] 1048832 [Id] WindowsEditor(7,HANEOL-PC) [Debug] 1 [PackageName] WindowsEditor [ProjectName] Editor" joined multi-casting on [225.0.0.222:54997]...

Player connection [10684] Host "[IP] 192.168.123.100 [Port] 0 [Flags] 2 [Guid] 1458533097 [EditorId] 1458533097 [Version] 1048832 [Id] WindowsEditor(7,HANEOL-PC) [Debug] 1 [PackageName] WindowsEditor [ProjectName] Editor" joined alternative multi-casting on [225.0.0.222:34997]...

[Physics::Module] Initialized MultithreadedJobDispatcher with 11 workers.
Refreshing native plugins compatible for Editor in 2955.60 ms, found 11 plugins.
Preloading 3 native plugins for Editor in 5.20 ms.
Initialize engine version: 2022.3.26f1 (ec6cd8118806)
[Subsystems] Discovering subsystems at path C:/Program Files/Unity/Hub/Editor/2022.3.26f1/Editor/Data/Resources/UnitySubsystems
[Subsystems] Discovering subsystems at path C:/Users/haneol/Documents/GitHub/Traverse/Assets
GfxDevice: creating device client; threaded=0; jobified=0
Direct3D:
    Version:  Direct3D 11.0 [level 11.1]
    Renderer: NVIDIA GeForce GTX 1660 SUPER (ID=0x21c4)
    Vendor:   NVIDIA
    VRAM:     5980 MB
    Driver:   31.0.15.3623
Shader 'Oculus/OVRMRCameraFrameLit': fallback shader 'Alpha-Diffuse' not found
Shader 'Scene/HighlightsAndShadows': fallback shader 'Off' not found
Initialize mono
Mono path[0] = 'C:/Program Files/Unity/Hub/Editor/2022.3.26f1/Editor/Data/Managed'
Mono path[1] = 'C:/Program Files/Unity/Hub/Editor/2022.3.26f1/Editor/Data/MonoBleedingEdge/lib/mono/unityjit-win32'
Mono config path = 'C:/Program Files/Unity/Hub/Editor/2022.3.26f1/Editor/Data/MonoBleedingEdge/etc'
Using monoOptions --debugger-agent=transport=dt_socket,embedding=1,server=y,suspend=n,address=127.0.0.1:56860
Begin MonoManager ReloadAssembly
Registering precompiled unity dll's ...
Register platform support module: C:/Program Files/Unity/Hub/Editor/2022.3.26f1/Editor/Data/PlaybackEngines/AndroidPlayer/UnityEditor.Android.Extensions.dll
Register platform support module: C:/Program Files/Unity/Hub/Editor/2022.3.26f1/Editor/Data/PlaybackEngines/WindowsStandaloneSupport/UnityEditor.WindowsStandalone.Extensions.dll
Registered in 2.314084 seconds.
- Loaded All Assemblies, in 20.118 seconds
Native extension for WindowsStandalone target not found
Native extension for Android target not found
Android Extension - Scanning For ADB Devices 798 ms
Mono: successfully reloaded assembly
- Finished resetting the current domain, in  5.278 seconds
Domain Reload Profiling: 25275ms
	BeginReloadAssembly (14585ms)
		ExecutionOrderSort (0ms)
		DisableScriptedObjects (0ms)
		BackupInstance (0ms)
		ReleaseScriptingObjects (0ms)
		CreateAndSetChildDomain (1ms)
	RebuildCommonClasses (189ms)
	RebuildNativeTypeToScriptingClass (29ms)
	initialDomainReloadingComplete (2881ms)
	LoadAllAssembliesAndSetupDomain (2313ms)
		LoadAssemblies (14577ms)
		RebuildTransferFunctionScriptingTraits (0ms)
		AnalyzeDomain (2307ms)
			TypeCache.Refresh (2304ms)
				TypeCache.ScanAssembly (2032ms)
			ScanForSourceGeneratedMonoScriptInfo (1ms)
			ResolveRequiredComponents (1ms)
	FinalizeReload (5279ms)
		ReleaseScriptCaches (0ms)
		RebuildScriptCaches (0ms)
		SetupLoadedEditorAssemblies (5140ms)
			LogAssemblyErrors (0ms)
			InitializePlatformSupportModulesInManaged (2233ms)
			SetLoadedEditorAssemblies (6ms)
			RefreshPlugins (0ms)
			BeforeProcessingInitializeOnLoad (3ms)
			ProcessInitializeOnLoadAttributes (2806ms)
			ProcessInitializeOnLoadMethodAttributes (92ms)
			AfterProcessingInitializeOnLoad (0ms)
			EditorAssembliesLoaded (0ms)
		ExecutionOrderSort2 (0ms)
		AwakeInstancesAfterBackupRestoration (0ms)
========================================================================
Worker process is ready to serve import requests
Begin MonoManager ReloadAssembly
- Loaded All Assemblies, in  2.976 seconds
Refreshing native plugins compatible for Editor in 30.07 ms, found 11 plugins.
Native extension for WindowsStandalone target not found
Native extension for Android target not found
Package Manager log level set to [2]
[Package Manager] Server::EnsureServerProcessIsRunning -- launch failed, reason: Unity was launched with the -noUpm command-line argument
[Package Manager] UpmClient::Send -- Unable to send message (not connected to UPM process).
[Package Manager] Cannot connect to Unity Package Manager local server
[Package Manager] Server::EnsureServerProcessIsRunning -- launch failed, reason: Unity was launched with the -noUpm command-line argument
[Package Manager] UpmClient::Send -- Unable to send message (not connected to UPM process).
[Package Manager] Cannot connect to Unity Package Manager local server
[Package Manager] Server::EnsureServerProcessIsRunning -- launch failed, reason: Unity was launched with the -noUpm command-line argument
[Package Manager] UpmClient::Send -- Unable to send message (not connected to UPM process).
[Package Manager] Cannot connect to Unity Package Manager local server
System.Reflection.TargetInvocationException: Exception has been thrown by the target of an invocation. ---> System.NullReferenceException: Object reference not set to an instance of an object
  at Unity.XR.Oculus.OculusLoader.AssetPathToAbsolutePath (System.String assetPath) [0x0003d] in .\Library\PackageCache\com.unity.xr.oculus@4.2.0\Runtime\OculusLoader.cs:298 
  at Unity.XR.Oculus.OculusLoader.EditorLoadOVRPlugin () [0x0008c] in .\Library\PackageCache\com.unity.xr.oculus@4.2.0\Runtime\OculusLoader.cs:283 
  at (wrapper managed-to-native) System.Reflection.RuntimeMethodInfo.InternalInvoke(System.Reflection.RuntimeMethodInfo,object,object[],System.Exception&)
  at System.Reflection.RuntimeMethodInfo.Invoke (System.Object obj, System.Reflection.BindingFlags invokeAttr, System.Reflection.Binder binder, System.Object[] parameters, System.Globalization.CultureInfo culture) [0x0006a] in <b11ba2a8fbf24f219f7cc98532a11304>:0 
   --- End of inner exception stack trace ---
  at System.Reflection.RuntimeMethodInfo.Invoke (System.Object obj, System.Reflection.BindingFlags invokeAttr, System.Reflection.Binder binder, System.Object[] parameters, System.Globalization.CultureInfo culture) [0x00083] in <b11ba2a8fbf24f219f7cc98532a11304>:0 
  at System.Reflection.MethodBase.Invoke (System.Object obj, System.Object[] parameters) [0x00000] in <b11ba2a8fbf24f219f7cc98532a11304>:0 
  at UnityEditor.EditorAssemblies.ProcessInitializeOnLoadMethodAttributes () [0x000a5] in <8a5cd56eb1bb450ba65aa5485166bfb3>:0 
UnityEngine.StackTraceUtility:ExtractStackTrace ()
UnityEngine.DebugLogHandler:LogFormat (UnityEngine.LogType,UnityEngine.Object,string,object[])
UnityEngine.Logger:Log (UnityEngine.LogType,object)
UnityEngine.Debug:LogError (object)
UnityEditor.EditorAssemblies:ProcessInitializeOnLoadMethodAttributes ()

Mono: successfully reloaded assembly
[Package Manager] Server::EnsureServerProcessIsRunning -- launch failed, reason: Unity was launched with the -noUpm command-line argument
[Package Manager] UpmClient::Send -- Unable to send message (not connected to UPM process).
[Package Manager] Cannot connect to Unity Package Manager local server
[Package Manager] Server::EnsureServerProcessIsRunning -- launch failed, reason: Unity was launched with the -noUpm command-line argument
[Package Manager] UpmClient::Send -- Unable to send message (not connected to UPM process).
[Package Manager] Cannot connect to Unity Package Manager local server
- Finished resetting the current domain, in  1.272 seconds
Domain Reload Profiling: 4236ms
	BeginReloadAssembly (206ms)
		ExecutionOrderSort (0ms)
		DisableScriptedObjects (6ms)
		BackupInstance (0ms)
		ReleaseScriptingObjects (0ms)
		CreateAndSetChildDomain (28ms)
	RebuildCommonClasses (46ms)
	RebuildNativeTypeToScriptingClass (17ms)
	initialDomainReloadingComplete (65ms)
	LoadAllAssembliesAndSetupDomain (2630ms)
		LoadAssemblies (2396ms)
		RebuildTransferFunctionScriptingTraits (0ms)
		AnalyzeDomain (363ms)
			TypeCache.Refresh (303ms)
				TypeCache.ScanAssembly (265ms)
			ScanForSourceGeneratedMonoScriptInfo (41ms)
			ResolveRequiredComponents (18ms)
	FinalizeReload (1272ms)
		ReleaseScriptCaches (0ms)
		RebuildScriptCaches (0ms)
		SetupLoadedEditorAssemblies (948ms)
			LogAssemblyErrors (0ms)
			InitializePlatformSupportModulesInManaged (38ms)
			SetLoadedEditorAssemblies (8ms)
			RefreshPlugins (0ms)
			BeforeProcessingInitializeOnLoad (153ms)
			ProcessInitializeOnLoadAttributes (688ms)
			ProcessInitializeOnLoadMethodAttributes (43ms)
			AfterProcessingInitializeOnLoad (18ms)
			EditorAssembliesLoaded (0ms)
		ExecutionOrderSort2 (0ms)
		AwakeInstancesAfterBackupRestoration (17ms)
Switching build target platform(13) subTarget(5) extendedPlatform(0) -> platform(13) subTarget(0) extendedPlatform(0)
Shader 'Oculus/OVRMRCameraFrameLit': fallback shader 'Alpha-Diffuse' not found
Shader 'Scene/HighlightsAndShadows': fallback shader 'Off' not found
Launched and connected shader compiler UnityShaderCompiler.exe after 0.09 seconds
Refreshing native plugins compatible for Editor in 32.72 ms, found 11 plugins.
Preloading 3 native plugins for Editor in 0.22 ms.
Unloading 4990 Unused Serialized files (Serialized files now loaded: 0)
Unloading 77 unused Assets / (77.3 KB). Loaded Objects now: 5427.
Memory consumption went from 190.0 MB to 190.0 MB.
Total: 5.967800 ms (FindLiveObjects: 0.528100 ms CreateObjectMapping: 0.532100 ms MarkObjects: 4.600400 ms  DeleteObjects: 0.305700 ms)

AssetImportParameters requested are different than current active one (requested -> active):
  custom:container-demuxer-ogg: 62fdf1f143b41e24485cea50d1cbac27 -> 
  custom:video-decoder-ogg-theora: a1e56fd34408186e4bbccfd4996cb3dc -> 
  custom:framework-win-MediaFoundation: 216162199b28c13a410421893ffa2e32 -> 
  custom:CustomObjectIndexerAttribute: 9a22284fe3817be447336de3de66b15e -> 
  custom:container-demuxer-webm: 4f35f7cbe854078d1ac9338744f61a02 -> 
  custom:container-muxer-webm: aa71ff27fc2769a1b78a27578f13a17b -> 
  custom:video-decoder-webm-vp8: 9c59270c3fd7afecdb556c50c9e8de78 -> 
  custom:SearchIndexIgnoredProperties: e643bd26f0fe6173181afceb89e7c659 -> 
  custom:AudioImporter_EditorPlatform: d09bf68614088b80899f8185d706f6e7 -> 
  custom:video-encoder-webm-vp8: eb34c28f22e8b96e1ab97ce403110664 -> 
  custom:audio-decoder-ogg-vorbis: bf7c407c2cedff20999df2af8eb42d56 -> 
  custom:audio-encoder-webm-vorbis: bf7c407c2cedff20999df2af8eb42d56 -> 
========================================================================
Received Prepare
Shader 'Oculus/OVRMRCameraFrameLit': fallback shader 'Alpha-Diffuse' not found
Shader 'Scene/HighlightsAndShadows': fallback shader 'Off' not found
Refreshing native plugins compatible for Editor in 32.54 ms, found 11 plugins.
Preloading 3 native plugins for Editor in 0.34 ms.
Unloading 1 Unused Serialized files (Serialized files now loaded: 0)
Unloading 1 unused Assets / (3.1 KB). Loaded Objects now: 5427.
Memory consumption went from 98.2 MB to 98.2 MB.
Total: 6.069300 ms (FindLiveObjects: 0.558000 ms CreateObjectMapping: 0.671400 ms MarkObjects: 4.807500 ms  DeleteObjects: 0.031200 ms)

Prepare: number of updated asset objects reloaded= 0
AssetImportParameters requested are different than current active one (requested -> active):
  custom:container-demuxer-ogg: 62fdf1f143b41e24485cea50d1cbac27 -> 
  custom:video-decoder-ogg-theora: a1e56fd34408186e4bbccfd4996cb3dc -> 
  custom:framework-win-MediaFoundation: 216162199b28c13a410421893ffa2e32 -> 
  custom:CustomObjectIndexerAttribute: 9a22284fe3817be447336de3de66b15e -> 
  custom:container-demuxer-webm: 4f35f7cbe854078d1ac9338744f61a02 -> 
  custom:container-muxer-webm: aa71ff27fc2769a1b78a27578f13a17b -> 
  custom:video-decoder-webm-vp8: 9c59270c3fd7afecdb556c50c9e8de78 -> 
  custom:SearchIndexIgnoredProperties: e643bd26f0fe6173181afceb89e7c659 -> 
  custom:AudioImporter_EditorPlatform: d09bf68614088b80899f8185d706f6e7 -> 
  custom:video-encoder-webm-vp8: eb34c28f22e8b96e1ab97ce403110664 -> 
  custom:audio-decoder-ogg-vorbis: bf7c407c2cedff20999df2af8eb42d56 -> 
  custom:audio-encoder-webm-vorbis: bf7c407c2cedff20999df2af8eb42d56 -> 
========================================================================
Received Import Request.
  Time since last request: 15305.421168 seconds.
  path: Assets/Versatile Studio Assets/Demo City By Versatile Studio/Models/small_house_3.fbx
  artifactKey: Guid(8922123bffe3c6341bc1ddf9af970835) Importer(2089858483,0ecaa5967403d082aa24f35e1b516d23)
Start importing Assets/Versatile Studio Assets/Demo City By Versatile Studio/Models/small_house_3.fbx using Guid(8922123bffe3c6341bc1ddf9af970835) Importer(2089858483,0ecaa5967403d082aa24f35e1b516d23)  -> (artifact id: '63796d329a2b85cb67edc2c70d438651') in 0.217186 seconds
Number of updated asset objects reloaded before import = 0
Number of asset objects unloaded after import = 7
========================================================================
Received Import Request.
  Time since last request: 0.000280 seconds.
  path: Assets/Versatile Studio Assets/Demo City By Versatile Studio/Models/concrete_block.fbx
  artifactKey: Guid(91cf861da5ac23e4b8487f79a6dfe551) Importer(2089858483,0ecaa5967403d082aa24f35e1b516d23)
Start importing Assets/Versatile Studio Assets/Demo City By Versatile Studio/Models/concrete_block.fbx using Guid(91cf861da5ac23e4b8487f79a6dfe551) Importer(2089858483,0ecaa5967403d082aa24f35e1b516d23)  -> (artifact id: '6c0ff17f2079033166a9253507bc57ed') in 0.036893 seconds
Number of updated asset objects reloaded before import = 0
Number of asset objects unloaded after import = 7
========================================================================
Received Import Request.
  Time since last request: 0.000022 seconds.
  path: Assets/Versatile Studio Assets/Demo City By Versatile Studio/Models/factory_building_big.fbx
  artifactKey: Guid(13faf7475aac74a418597eaf9c203dc8) Importer(2089858483,0ecaa5967403d082aa24f35e1b516d23)
Start importing Assets/Versatile Studio Assets/Demo City By Versatile Studio/Models/factory_building_big.fbx using Guid(13faf7475aac74a418597eaf9c203dc8) Importer(2089858483,0ecaa5967403d082aa24f35e1b516d23)  -> (artifact id: '98268d142aacf8d3f6cfd0aa3ef0da09') in 0.033069 seconds
Number of updated asset objects reloaded before import = 0
Number of asset objects unloaded after import = 7
========================================================================
Received Import Request.
  Time since last request: 0.000026 seconds.
  path: Assets/Versatile Studio Assets/Demo City By Versatile Studio/Materials/building_facades.mat
  artifactKey: Guid(ae52bce8c68a3ea499f06d8068f9ff82) Importer(2089858483,0ecaa5967403d082aa24f35e1b516d23)
Start importing Assets/Versatile Studio Assets/Demo City By Versatile Studio/Materials/building_facades.mat using Guid(ae52bce8c68a3ea499f06d8068f9ff82) Importer(2089858483,0ecaa5967403d082aa24f35e1b516d23)  -> (artifact id: '12afa874d1be619e6074cbb1bdd0a58b') in 0.221801 seconds
Number of updated asset objects reloaded before import = 0
Number of asset objects unloaded after import = 3
========================================================================
Received Import Request.
  Time since last request: 0.000040 seconds.
  path: Assets/Versatile Studio Assets/Demo City By Versatile Studio/Models/tree_1.fbx
  artifactKey: Guid(dda42447d741e5c49b0a5461669fdc99) Importer(2089858483,0ecaa5967403d082aa24f35e1b516d23)
Start importing Assets/Versatile Studio Assets/Demo City By Versatile Studio/Models/tree_1.fbx using Guid(dda42447d741e5c49b0a5461669fdc99) Importer(2089858483,0ecaa5967403d082aa24f35e1b516d23)  -> (artifact id: '6be39105fb9e42e3821182d6ba5cc04e') in 0.034451 seconds
Number of updated asset objects reloaded before import = 0
Number of asset objects unloaded after import = 7
========================================================================
Received Import Request.
  Time since last request: 0.000030 seconds.
  path: Assets/Versatile Studio Assets/Demo City By Versatile Studio/Models/lamp_pole_small.fbx
  artifactKey: Guid(4c8c8ac362caa3842a97f75923d9f36d) Importer(2089858483,0ecaa5967403d082aa24f35e1b516d23)
Start importing Assets/Versatile Studio Assets/Demo City By Versatile Studio/Models/lamp_pole_small.fbx using Guid(4c8c8ac362caa3842a97f75923d9f36d) Importer(2089858483,0ecaa5967403d082aa24f35e1b516d23)  -> (artifact id: '528b1f449624165ed6ff20ea319dfa32') in 0.033461 seconds
Number of updated asset objects reloaded before import = 0
Number of asset objects unloaded after import = 7
========================================================================
Received Import Request.
  Time since last request: 0.000038 seconds.
  path: Assets/Versatile Studio Assets/Demo City By Versatile Studio/Models/office_building_1_bgr.fbx
  artifactKey: Guid(d3abfefea8c568940a3bcc305cc5ff65) Importer(2089858483,0ecaa5967403d082aa24f35e1b516d23)
Start importing Assets/Versatile Studio Assets/Demo City By Versatile Studio/Models/office_building_1_bgr.fbx using Guid(d3abfefea8c568940a3bcc305cc5ff65) Importer(2089858483,0ecaa5967403d082aa24f35e1b516d23)  -> (artifact id: '0b71db3e8a8dcf713800fd97c4a4d3f0') in 0.034301 seconds
Number of updated asset objects reloaded before import = 0
Number of asset objects unloaded after import = 7
========================================================================
Received Import Request.
  Time since last request: 0.000031 seconds.
  path: Assets/Versatile Studio Assets/Demo City By Versatile Studio/Models/office_building_2.fbx
  artifactKey: Guid(9a89042126c1116449739a942cb04132) Importer(2089858483,0ecaa5967403d082aa24f35e1b516d23)
Start importing Assets/Versatile Studio Assets/Demo City By Versatile Studio/Models/office_building_2.fbx using Guid(9a89042126c1116449739a942cb04132) Importer(2089858483,0ecaa5967403d082aa24f35e1b516d23)  -> (artifact id: '6a1e7bae77535f2e3b6e94574e4e80cd') in 0.036855 seconds
Number of updated asset objects reloaded before import = 0
Number of asset objects unloaded after import = 7
========================================================================
Received Import Request.
  Time since last request: 0.000015 seconds.
  path: Assets/Versatile Studio Assets/Demo City By Versatile Studio/Textures/asphalt_square_oc.png
  artifactKey: Guid(c76dc866139651e489ed4cac1d146e6f) Importer(2089858483,0ecaa5967403d082aa24f35e1b516d23)
Start importing Assets/Versatile Studio Assets/Demo City By Versatile Studio/Textures/asphalt_square_oc.png using Guid(c76dc866139651e489ed4cac1d146e6f) Importer(2089858483,0ecaa5967403d082aa24f35e1b516d23)  -> (artifact id: '9b6168ef9aaf3eff7eac4365a93668cf') in 0.122848 seconds
Number of updated asset objects reloaded before import = 0
Number of asset objects unloaded after import = 1
========================================================================
Received Import Request.
  Time since last request: 0.000024 seconds.
  path: Assets/Versatile Studio Assets/Demo City By Versatile Studio/Textures/building_bases.png
  artifactKey: Guid(b60689b53292d834b9128f0de5b1fc20) Importer(2089858483,0ecaa5967403d082aa24f35e1b516d23)
Start importing Assets/Versatile Studio Assets/Demo City By Versatile Studio/Textures/building_bases.png using Guid(b60689b53292d834b9128f0de5b1fc20) Importer(2089858483,0ecaa5967403d082aa24f35e1b516d23)  -> (artifact id: 'ec7513609eb2246bdf0ab593146e9d78') in 0.035046 seconds
Number of updated asset objects reloaded before import = 0
Number of asset objects unloaded after import = 1
========================================================================
Received Import Request.
  Time since last request: 0.000030 seconds.
  path: Assets/Versatile Studio Assets/Demo City By Versatile Studio/Textures/asphalt_highway_oc.png
  artifactKey: Guid(677ce390a0860664bad47f7b278ca114) Importer(2089858483,0ecaa5967403d082aa24f35e1b516d23)
Start importing Assets/Versatile Studio Assets/Demo City By Versatile Studio/Textures/asphalt_highway_oc.png using Guid(677ce390a0860664bad47f7b278ca114) Importer(2089858483,0ecaa5967403d082aa24f35e1b516d23)  -> (artifact id: '475a280e998793fb4edfbc3fd2e56bc1') in 0.086949 seconds
Number of updated asset objects reloaded before import = 0
Number of asset objects unloaded after import = 1
========================================================================
Received Import Request.
  Time since last request: 0.000021 seconds.
  path: Assets/Versatile Studio Assets/Demo City By Versatile Studio/Textures/asphalt_4_tracks_nm.png
  artifactKey: Guid(5ee7d769b5b730f48b8cb9dec69b64fb) Importer(2089858483,0ecaa5967403d082aa24f35e1b516d23)
Start importing Assets/Versatile Studio Assets/Demo City By Versatile Studio/Textures/asphalt_4_tracks_nm.png using Guid(5ee7d769b5b730f48b8cb9dec69b64fb) Importer(2089858483,0ecaa5967403d082aa24f35e1b516d23)  -> (artifact id: 'cd8653636ca59a6f87c458859b0794d2') in 0.098350 seconds
Number of updated asset objects reloaded before import = 0
Number of asset objects unloaded after import = 1
========================================================================
Received Import Request.
  Time since last request: 0.000028 seconds.
  path: Assets/Versatile Studio Assets/Demo City By Versatile Studio/Models/mid_house_4.fbx
  artifactKey: Guid(94222793a7abe614aaf9c43aeb6f4583) Importer(2089858483,0ecaa5967403d082aa24f35e1b516d23)
Start importing Assets/Versatile Studio Assets/Demo City By Versatile Studio/Models/mid_house_4.fbx using Guid(94222793a7abe614aaf9c43aeb6f4583) Importer(2089858483,0ecaa5967403d082aa24f35e1b516d23)  -> (artifact id: '24b4ac968eb2a83d98300972eb8be3c1') in 0.032349 seconds
Number of updated asset objects reloaded before import = 0
Number of asset objects unloaded after import = 7
========================================================================
Received Import Request.
  Time since last request: 0.000028 seconds.
  path: Assets/Versatile Studio Assets/Demo City By Versatile Studio/Textures/asphalt_2_tracks_oc.png
  artifactKey: Guid(42c5e076ff42bd1469c4a4633491fda5) Importer(2089858483,0ecaa5967403d082aa24f35e1b516d23)
Start importing Assets/Versatile Studio Assets/Demo City By Versatile Studio/Textures/asphalt_2_tracks_oc.png using Guid(42c5e076ff42bd1469c4a4633491fda5) Importer(2089858483,0ecaa5967403d082aa24f35e1b516d23)  -> (artifact id: 'b045040577cfdd592ef753924ac6390c') in 0.074815 seconds
Number of updated asset objects reloaded before import = 0
Number of asset objects unloaded after import = 1
========================================================================
Received Import Request.
  Time since last request: 0.000024 seconds.
  path: Assets/Versatile Studio Assets/Demo City By Versatile Studio/Materials/highway_wall.mat
  artifactKey: Guid(d6de95fc1051f9e40a1c2b8cfada2c7c) Importer(2089858483,0ecaa5967403d082aa24f35e1b516d23)
Start importing Assets/Versatile Studio Assets/Demo City By Versatile Studio/Materials/highway_wall.mat using Guid(d6de95fc1051f9e40a1c2b8cfada2c7c) Importer(2089858483,0ecaa5967403d082aa24f35e1b516d23)  -> (artifact id: '9213a574abbc2c89d729b68b9b5bd7ca') in 0.068151 seconds
Number of updated asset objects reloaded before import = 0
Number of asset objects unloaded after import = 3
========================================================================
Received Import Request.
  Time since last request: 0.000064 seconds.
  path: Assets/Versatile Studio Assets/Demo City By Versatile Studio/Textures/building_windows_wet_nm.png
  artifactKey: Guid(7d221c28b4c599e41a5d1fa8ad52df42) Importer(2089858483,0ecaa5967403d082aa24f35e1b516d23)
Start importing Assets/Versatile Studio Assets/Demo City By Versatile Studio/Textures/building_windows_wet_nm.png using Guid(7d221c28b4c599e41a5d1fa8ad52df42) Importer(2089858483,0ecaa5967403d082aa24f35e1b516d23)  -> (artifact id: 'be983295388dc0915146ee811a8b25b0') in 0.103429 seconds
Number of updated asset objects reloaded before import = 0
Number of asset objects unloaded after import = 1
========================================================================
Received Import Request.
  Time since last request: 0.000026 seconds.
  path: Assets/Versatile Studio Assets/Demo City By Versatile Studio/Models/Materials/No Name.mat
  artifactKey: Guid(f38e1f548efcb394e9787cc753172723) Importer(2089858483,0ecaa5967403d082aa24f35e1b516d23)
Start importing Assets/Versatile Studio Assets/Demo City By Versatile Studio/Models/Materials/No Name.mat using Guid(f38e1f548efcb394e9787cc753172723) Importer(2089858483,0ecaa5967403d082aa24f35e1b516d23)  -> (artifact id: 'f98bd2d0e77e4d56c970de023bf81a7b') in 0.026708 seconds
Number of updated asset objects reloaded before import = 0
Number of asset objects unloaded after import = 1
========================================================================
Received Import Request.
  Time since last request: 0.000022 seconds.
  path: Assets/Versatile Studio Assets/Demo City By Versatile Studio/Textures/sideway_tile.png
  artifactKey: Guid(b61169ede9142834eac1c55d8e70dc19) Importer(2089858483,0ecaa5967403d082aa24f35e1b516d23)
Start importing Assets/Versatile Studio Assets/Demo City By Versatile Studio/Textures/sideway_tile.png using Guid(b61169ede9142834eac1c55d8e70dc19) Importer(2089858483,0ecaa5967403d082aa24f35e1b516d23)  -> (artifact id: '7fee3da75ba48d0ec49a7bffa7efe0cc') in 0.089688 seconds
Number of updated asset objects reloaded before import = 0
Number of asset objects unloaded after import = 1
========================================================================
Received Import Request.
  Time since last request: 0.000062 seconds.
  path: Assets/Versatile Studio Assets/Demo City By Versatile Studio/Textures/building_windows_wet.png
  artifactKey: Guid(795156fdb0359bf4794dd09c306461b0) Importer(2089858483,0ecaa5967403d082aa24f35e1b516d23)
Start importing Assets/Versatile Studio Assets/Demo City By Versatile Studio/Textures/building_windows_wet.png using Guid(795156fdb0359bf4794dd09c306461b0) Importer(2089858483,0ecaa5967403d082aa24f35e1b516d23)  -> (artifact id: '371ffc90d14ff37993705f6421c1c4a1') in 0.093766 seconds
Number of updated asset objects reloaded before import = 0
Number of asset objects unloaded after import = 1
========================================================================
Received Import Request.
  Time since last request: 0.000016 seconds.
  path: Assets/Versatile Studio Assets/Demo City By Versatile Studio/Materials/building_interior.mat
  artifactKey: Guid(c7040db656dd78e4db434fd7330def51) Importer(2089858483,0ecaa5967403d082aa24f35e1b516d23)
Start importing Assets/Versatile Studio Assets/Demo City By Versatile Studio/Materials/building_interior.mat using Guid(c7040db656dd78e4db434fd7330def51) Importer(2089858483,0ecaa5967403d082aa24f35e1b516d23)  -> (artifact id: '628c7bb9d6f5230869851efaa53686bd') in 0.099714 seconds
Number of updated asset objects reloaded before import = 0
Number of asset objects unloaded after import = 4
========================================================================
Received Import Request.
  Time since last request: 0.000032 seconds.
  path: Assets/Versatile Studio Assets/Demo City By Versatile Studio/Prefabs/office_building_2_with_base.prefab
  artifactKey: Guid(18def28a0ae3af04b92baf54be5868be) Importer(2089858483,0ecaa5967403d082aa24f35e1b516d23)
Start importing Assets/Versatile Studio Assets/Demo City By Versatile Studio/Prefabs/office_building_2_with_base.prefab using Guid(18def28a0ae3af04b92baf54be5868be) Importer(2089858483,0ecaa5967403d082aa24f35e1b516d23)  -> (artifact id: 'fd5c47632bc556ec1282cd52ff935a90') in 0.027151 seconds
Number of updated asset objects reloaded before import = 0
Number of asset objects unloaded after import = 122
========================================================================
Received Import Request.
  Time since last request: 0.000021 seconds.
  path: Assets/Versatile Studio Assets/Demo City By Versatile Studio/Materials/road_sideway_fences.mat
  artifactKey: Guid(c57573062fdc7674c8ed160dd5f06f62) Importer(2089858483,0ecaa5967403d082aa24f35e1b516d23)
Start importing Assets/Versatile Studio Assets/Demo City By Versatile Studio/Materials/road_sideway_fences.mat using Guid(c57573062fdc7674c8ed160dd5f06f62) Importer(2089858483,0ecaa5967403d082aa24f35e1b516d23)  -> (artifact id: '6bf6642329039f7f025dd31ff1768614') in 0.064866 seconds
Number of updated asset objects reloaded before import = 0
Number of asset objects unloaded after import = 3
========================================================================
Received Import Request.
  Time since last request: 0.000031 seconds.
  path: Assets/Versatile Studio Assets/Demo City By Versatile Studio/Prefabs/mid_house_4.prefab
  artifactKey: Guid(841fda1a8336ebd45a80491910c22305) Importer(2089858483,0ecaa5967403d082aa24f35e1b516d23)
Start importing Assets/Versatile Studio Assets/Demo City By Versatile Studio/Prefabs/mid_house_4.prefab using Guid(841fda1a8336ebd45a80491910c22305) Importer(2089858483,0ecaa5967403d082aa24f35e1b516d23)  -> (artifact id: '52ce501ae1c6cb407da0a2181af206aa') in 0.024976 seconds
Number of updated asset objects reloaded before import = 0
Number of asset objects unloaded after import = 13
========================================================================
Received Import Request.
  Time since last request: 0.000019 seconds.
  path: Assets/Versatile Studio Assets/Demo City By Versatile Studio/Prefabs/mid_house_1.prefab
  artifactKey: Guid(a2dd7ebabc38532429e0b24b1e4b2207) Importer(2089858483,0ecaa5967403d082aa24f35e1b516d23)
Start importing Assets/Versatile Studio Assets/Demo City By Versatile Studio/Prefabs/mid_house_1.prefab using Guid(a2dd7ebabc38532429e0b24b1e4b2207) Importer(2089858483,0ecaa5967403d082aa24f35e1b516d23)  -> (artifact id: '635a52dc37df1d11b310f14e83af8dad') in 0.027037 seconds
Number of updated asset objects reloaded before import = 0
Number of asset objects unloaded after import = 13
========================================================================
Received Import Request.
  Time since last request: 0.000017 seconds.
  path: Assets/Versatile Studio Assets/Demo City By Versatile Studio/Textures/sideway_tile_oc.png
  artifactKey: Guid(bb0040cffc1ce2246a5533f352e9ebc0) Importer(2089858483,0ecaa5967403d082aa24f35e1b516d23)
Start importing Assets/Versatile Studio Assets/Demo City By Versatile Studio/Textures/sideway_tile_oc.png using Guid(bb0040cffc1ce2246a5533f352e9ebc0) Importer(2089858483,0ecaa5967403d082aa24f35e1b516d23)  -> (artifact id: '12aba99898eb7bde1cfc893a6ad1a5c4') in 0.087938 seconds
Number of updated asset objects reloaded before import = 0
Number of asset objects unloaded after import = 1
========================================================================
Received Import Request.
  Time since last request: 0.000022 seconds.
  path: Assets/Versatile Studio Assets/Demo City By Versatile Studio/Prefabs/highway_support.prefab
  artifactKey: Guid(eac0a25b344cf9e489f0cb5413fb3a89) Importer(2089858483,0ecaa5967403d082aa24f35e1b516d23)
Start importing Assets/Versatile Studio Assets/Demo City By Versatile Studio/Prefabs/highway_support.prefab using Guid(eac0a25b344cf9e489f0cb5413fb3a89) Importer(2089858483,0ecaa5967403d082aa24f35e1b516d23)  -> (artifact id: '82bc6978b74aafb4f9aabcd1bafedfdb') in 0.027245 seconds
Number of updated asset objects reloaded before import = 0
Number of asset objects unloaded after import = 11
========================================================================
Received Import Request.
  Time since last request: 0.000024 seconds.
  path: Assets/Skyboxs/M3_Sky_Dome_equirectangular-png_An_exquisite_8K_sky_1724212037_10859447.png
  artifactKey: Guid(ac46c0f19e232524fa07369550f58d61) Importer(2089858483,0ecaa5967403d082aa24f35e1b516d23)
Start importing Assets/Skyboxs/M3_Sky_Dome_equirectangular-png_An_exquisite_8K_sky_1724212037_10859447.png using Guid(ac46c0f19e232524fa07369550f58d61) Importer(2089858483,0ecaa5967403d082aa24f35e1b516d23)  -> (artifact id: '68dc7f585bf05955749d012c1b148941') in 0.054322 seconds
Number of updated asset objects reloaded before import = 0
Number of asset objects unloaded after import = 3
========================================================================
Received Import Request.
  Time since last request: 0.000025 seconds.
  path: Assets/KCDF/Toy/Models/Tuho/Texture/T_Tuho_N.png
  artifactKey: Guid(efd2a650ce1d99743b13d9ffa5843d38) Importer(2089858483,0ecaa5967403d082aa24f35e1b516d23)
Start importing Assets/KCDF/Toy/Models/Tuho/Texture/T_Tuho_N.png using Guid(efd2a650ce1d99743b13d9ffa5843d38) Importer(2089858483,0ecaa5967403d082aa24f35e1b516d23)  -> (artifact id: '69b8a310a7afa16eddd07f77ae60bab3') in 0.117911 seconds
Number of updated asset objects reloaded before import = 0
Number of asset objects unloaded after import = 1
========================================================================
Received Import Request.
  Time since last request: 0.000030 seconds.
  path: Assets/Versatile Studio Assets/Demo City By Versatile Studio/Materials/asphalt_highway.mat
  artifactKey: Guid(efba80df10aeb624e82f4d1d32902613) Importer(2089858483,0ecaa5967403d082aa24f35e1b516d23)
Start importing Assets/Versatile Studio Assets/Demo City By Versatile Studio/Materials/asphalt_highway.mat using Guid(efba80df10aeb624e82f4d1d32902613) Importer(2089858483,0ecaa5967403d082aa24f35e1b516d23)  -> (artifact id: '573633dd140bf1d1a4fd3f881225a6e7') in 0.185196 seconds
Number of updated asset objects reloaded before import = 0
Number of asset objects unloaded after import = 4
