Using pre-set license
Built from '2022.3/staging' branch; Version is '2022.3.25f1 (530ae0ba3889) revision 5442272'; Using compiler version '192829333'; Build Type 'Release'
OS: 'Windows 11  (10.0.22631) 64bit Professional' Language: 'ko' Physical Memory: 130939 MB
BatchMode: 1, IsHumanControllingUs: 0, StartBugReporterOnCrash: 0, Is64bit: 1, IsPro: 1

COMMAND LINE ARGUMENTS:
C:\Program Files\Unity\Hub\Editor\2022.3.25f1\Editor\Unity.exe
-adb2
-batchMode
-noUpm
-name
AssetImportWorker0
-projectPath
C:/Users/FCSL/Unity/Traverse
-logFile
Logs/AssetImportWorker0.log
-srvPort
59059
Successfully changed project path to: C:/Users/FCSL/Unity/Traverse
C:/Users/FCSL/Unity/Traverse
[UnityMemory] Configuration Parameters - Can be set up in boot.config
    "memorysetup-bucket-allocator-granularity=16"
    "memorysetup-bucket-allocator-bucket-count=8"
    "memorysetup-bucket-allocator-block-size=33554432"
    "memorysetup-bucket-allocator-block-count=8"
    "memorysetup-main-allocator-block-size=16777216"
    "memorysetup-thread-allocator-block-size=16777216"
    "memorysetup-gfx-main-allocator-block-size=16777216"
    "memorysetup-gfx-thread-allocator-block-size=16777216"
    "memorysetup-cache-allocator-block-size=4194304"
    "memorysetup-typetree-allocator-block-size=2097152"
    "memorysetup-profiler-bucket-allocator-granularity=16"
    "memorysetup-profiler-bucket-allocator-bucket-count=8"
    "memorysetup-profiler-bucket-allocator-block-size=33554432"
    "memorysetup-profiler-bucket-allocator-block-count=8"
    "memorysetup-profiler-allocator-block-size=16777216"
    "memorysetup-profiler-editor-allocator-block-size=1048576"
    "memorysetup-temp-allocator-size-main=16777216"
    "memorysetup-job-temp-allocator-block-size=2097152"
    "memorysetup-job-temp-allocator-block-size-background=1048576"
    "memorysetup-job-temp-allocator-reduction-small-platforms=262144"
    "memorysetup-allocator-temp-initial-block-size-main=262144"
    "memorysetup-allocator-temp-initial-block-size-worker=262144"
    "memorysetup-temp-allocator-size-background-worker=32768"
    "memorysetup-temp-allocator-size-job-worker=262144"
    "memorysetup-temp-allocator-size-preload-manager=33554432"
    "memorysetup-temp-allocator-size-nav-mesh-worker=65536"
    "memorysetup-temp-allocator-size-audio-worker=65536"
    "memorysetup-temp-allocator-size-cloud-worker=32768"
    "memorysetup-temp-allocator-size-gi-baking-worker=262144"
    "memorysetup-temp-allocator-size-gfx=262144"
Player connection [18636] Host "[IP] 192.168.63.215 [Port] 0 [Flags] 2 [Guid] 2707645116 [EditorId] 2707645116 [Version] 1048832 [Id] WindowsEditor(7,ML-PC3) [Debug] 1 [PackageName] WindowsEditor [ProjectName] Editor" joined multi-casting on [225.0.0.222:54997]...

Player connection [18636] Host "[IP] 192.168.63.215 [Port] 0 [Flags] 2 [Guid] 2707645116 [EditorId] 2707645116 [Version] 1048832 [Id] WindowsEditor(7,ML-PC3) [Debug] 1 [PackageName] WindowsEditor [ProjectName] Editor" joined alternative multi-casting on [225.0.0.222:34997]...

[Physics::Module] Initialized MultithreadedJobDispatcher with 19 workers.
Refreshing native plugins compatible for Editor in 13.78 ms, found 6 plugins.
Preloading 1 native plugins for Editor in 0.42 ms.
Initialize engine version: 2022.3.25f1 (530ae0ba3889)
[Subsystems] Discovering subsystems at path C:/Program Files/Unity/Hub/Editor/2022.3.25f1/Editor/Data/Resources/UnitySubsystems
[Subsystems] Discovering subsystems at path C:/Users/FCSL/Unity/Traverse/Assets
GfxDevice: creating device client; threaded=0; jobified=0
Direct3D:
    Version:  Direct3D 11.0 [level 11.1]
    Renderer: NVIDIA GeForce RTX 3090 (ID=0x2204)
    Vendor:   NVIDIA
    VRAM:     24340 MB
    Driver:   31.0.15.3640
Shader 'Oculus/OVRMRCameraFrameLit': fallback shader 'Alpha-Diffuse' not found
Initialize mono
Mono path[0] = 'C:/Program Files/Unity/Hub/Editor/2022.3.25f1/Editor/Data/Managed'
Mono path[1] = 'C:/Program Files/Unity/Hub/Editor/2022.3.25f1/Editor/Data/MonoBleedingEdge/lib/mono/unityjit-win32'
Mono config path = 'C:/Program Files/Unity/Hub/Editor/2022.3.25f1/Editor/Data/MonoBleedingEdge/etc'
Using monoOptions --debugger-agent=transport=dt_socket,embedding=1,server=y,suspend=n,address=127.0.0.1:56844
Begin MonoManager ReloadAssembly
Registering precompiled unity dll's ...
Register platform support module: C:/Program Files/Unity/Hub/Editor/2022.3.25f1/Editor/Data/PlaybackEngines/AndroidPlayer/UnityEditor.Android.Extensions.dll
Register platform support module: C:/Program Files/Unity/Hub/Editor/2022.3.25f1/Editor/Data/PlaybackEngines/WindowsStandaloneSupport/UnityEditor.WindowsStandalone.Extensions.dll
Registered in 0.008223 seconds.
- Loaded All Assemblies, in  0.420 seconds
Native extension for WindowsStandalone target not found
Native extension for Android target not found
Android Extension - Scanning For ADB Devices 284 ms
Mono: successfully reloaded assembly
- Finished resetting the current domain, in  0.598 seconds
Domain Reload Profiling: 1016ms
	BeginReloadAssembly (133ms)
		ExecutionOrderSort (0ms)
		DisableScriptedObjects (0ms)
		BackupInstance (0ms)
		ReleaseScriptingObjects (0ms)
		CreateAndSetChildDomain (1ms)
	RebuildCommonClasses (53ms)
	RebuildNativeTypeToScriptingClass (15ms)
	initialDomainReloadingComplete (60ms)
	LoadAllAssembliesAndSetupDomain (157ms)
		LoadAssemblies (130ms)
		RebuildTransferFunctionScriptingTraits (0ms)
		AnalyzeDomain (154ms)
			TypeCache.Refresh (153ms)
				TypeCache.ScanAssembly (139ms)
			ScanForSourceGeneratedMonoScriptInfo (0ms)
			ResolveRequiredComponents (0ms)
	FinalizeReload (598ms)
		ReleaseScriptCaches (0ms)
		RebuildScriptCaches (0ms)
		SetupLoadedEditorAssemblies (541ms)
			LogAssemblyErrors (0ms)
			InitializePlatformSupportModulesInManaged (391ms)
			SetLoadedEditorAssemblies (3ms)
			RefreshPlugins (0ms)
			BeforeProcessingInitializeOnLoad (2ms)
			ProcessInitializeOnLoadAttributes (102ms)
			ProcessInitializeOnLoadMethodAttributes (43ms)
			AfterProcessingInitializeOnLoad (0ms)
			EditorAssembliesLoaded (0ms)
		ExecutionOrderSort2 (0ms)
		AwakeInstancesAfterBackupRestoration (0ms)
========================================================================
Worker process is ready to serve import requests
Begin MonoManager ReloadAssembly
- Loaded All Assemblies, in  0.605 seconds
Refreshing native plugins compatible for Editor in 5.85 ms, found 6 plugins.
Native extension for WindowsStandalone target not found
Native extension for Android target not found
Package Manager log level set to [2]
[Package Manager] Server::EnsureServerProcessIsRunning -- launch failed, reason: Unity was launched with the -noUpm command-line argument
[Package Manager] UpmClient::Send -- Unable to send message (not connected to UPM process).
[Package Manager] Cannot connect to Unity Package Manager local server
[Package Manager] Server::EnsureServerProcessIsRunning -- launch failed, reason: Unity was launched with the -noUpm command-line argument
[Package Manager] UpmClient::Send -- Unable to send message (not connected to UPM process).
[Package Manager] Cannot connect to Unity Package Manager local server
[Package Manager] Server::EnsureServerProcessIsRunning -- launch failed, reason: Unity was launched with the -noUpm command-line argument
[Package Manager] UpmClient::Send -- Unable to send message (not connected to UPM process).
[Package Manager] Cannot connect to Unity Package Manager local server
System.Reflection.TargetInvocationException: Exception has been thrown by the target of an invocation. ---> System.NullReferenceException: Object reference not set to an instance of an object
  at Unity.XR.Oculus.OculusLoader.AssetPathToAbsolutePath (System.String assetPath) [0x0003d] in .\Library\PackageCache\com.unity.xr.oculus@4.2.0\Runtime\OculusLoader.cs:298 
  at Unity.XR.Oculus.OculusLoader.EditorLoadOVRPlugin () [0x0008c] in .\Library\PackageCache\com.unity.xr.oculus@4.2.0\Runtime\OculusLoader.cs:283 
  at (wrapper managed-to-native) System.Reflection.RuntimeMethodInfo.InternalInvoke(System.Reflection.RuntimeMethodInfo,object,object[],System.Exception&)
  at System.Reflection.RuntimeMethodInfo.Invoke (System.Object obj, System.Reflection.BindingFlags invokeAttr, System.Reflection.Binder binder, System.Object[] parameters, System.Globalization.CultureInfo culture) [0x0006a] in <b11ba2a8fbf24f219f7cc98532a11304>:0 
   --- End of inner exception stack trace ---
  at System.Reflection.RuntimeMethodInfo.Invoke (System.Object obj, System.Reflection.BindingFlags invokeAttr, System.Reflection.Binder binder, System.Object[] parameters, System.Globalization.CultureInfo culture) [0x00083] in <b11ba2a8fbf24f219f7cc98532a11304>:0 
  at System.Reflection.MethodBase.Invoke (System.Object obj, System.Object[] parameters) [0x00000] in <b11ba2a8fbf24f219f7cc98532a11304>:0 
  at UnityEditor.EditorAssemblies.ProcessInitializeOnLoadMethodAttributes () [0x000a5] in <477bdcb097d4488eae58cbed17286dd8>:0 
UnityEngine.StackTraceUtility:ExtractStackTrace ()
UnityEngine.DebugLogHandler:LogFormat (UnityEngine.LogType,UnityEngine.Object,string,object[])
UnityEngine.Logger:Log (UnityEngine.LogType,object)
UnityEngine.Debug:LogError (object)
UnityEditor.EditorAssemblies:ProcessInitializeOnLoadMethodAttributes ()

Mono: successfully reloaded assembly
[Package Manager] Server::EnsureServerProcessIsRunning -- launch failed, reason: Unity was launched with the -noUpm command-line argument
[Package Manager] UpmClient::Send -- Unable to send message (not connected to UPM process).
[Package Manager] Cannot connect to Unity Package Manager local server
[Package Manager] Server::EnsureServerProcessIsRunning -- launch failed, reason: Unity was launched with the -noUpm command-line argument
[Package Manager] UpmClient::Send -- Unable to send message (not connected to UPM process).
[Package Manager] Cannot connect to Unity Package Manager local server
- Finished resetting the current domain, in  0.568 seconds
Domain Reload Profiling: 1170ms
	BeginReloadAssembly (132ms)
		ExecutionOrderSort (0ms)
		DisableScriptedObjects (5ms)
		BackupInstance (0ms)
		ReleaseScriptingObjects (0ms)
		CreateAndSetChildDomain (20ms)
	RebuildCommonClasses (31ms)
	RebuildNativeTypeToScriptingClass (12ms)
	initialDomainReloadingComplete (37ms)
	LoadAllAssembliesAndSetupDomain (389ms)
		LoadAssemblies (279ms)
		RebuildTransferFunctionScriptingTraits (0ms)
		AnalyzeDomain (184ms)
			TypeCache.Refresh (159ms)
				TypeCache.ScanAssembly (141ms)
			ScanForSourceGeneratedMonoScriptInfo (18ms)
			ResolveRequiredComponents (6ms)
	FinalizeReload (569ms)
		ReleaseScriptCaches (0ms)
		RebuildScriptCaches (0ms)
		SetupLoadedEditorAssemblies (426ms)
			LogAssemblyErrors (0ms)
			InitializePlatformSupportModulesInManaged (22ms)
			SetLoadedEditorAssemblies (3ms)
			RefreshPlugins (0ms)
			BeforeProcessingInitializeOnLoad (59ms)
			ProcessInitializeOnLoadAttributes (310ms)
			ProcessInitializeOnLoadMethodAttributes (24ms)
			AfterProcessingInitializeOnLoad (8ms)
			EditorAssembliesLoaded (0ms)
		ExecutionOrderSort2 (0ms)
		AwakeInstancesAfterBackupRestoration (6ms)
Shader 'Oculus/OVRMRCameraFrameLit': fallback shader 'Alpha-Diffuse' not found
Launched and connected shader compiler UnityShaderCompiler.exe after 0.04 seconds
Refreshing native plugins compatible for Editor in 6.10 ms, found 6 plugins.
Preloading 1 native plugins for Editor in 0.06 ms.
Unloading 3611 Unused Serialized files (Serialized files now loaded: 0)
Unloading 44 unused Assets / (60.0 KB). Loaded Objects now: 4073.
Memory consumption went from 153.3 MB to 153.3 MB.
Total: 3.848400 ms (FindLiveObjects: 0.300800 ms CreateObjectMapping: 0.315600 ms MarkObjects: 3.132200 ms  DeleteObjects: 0.099000 ms)

AssetImportParameters requested are different than current active one (requested -> active):
  custom:container-demuxer-ogg: 62fdf1f143b41e24485cea50d1cbac27 -> 
  custom:video-codec-MediaFoundation-h265: 746d11721c4dcdbdad8f713fa42b33f4 -> 
  custom:video-decoder-ogg-theora: a1e56fd34408186e4bbccfd4996cb3dc -> 
  custom:framework-win-MediaFoundation: 216162199b28c13a410421893ffa2e32 -> 
  custom:CustomObjectIndexerAttribute: 9a22284fe3817be447336de3de66b15e -> 
  custom:container-demuxer-webm: 4f35f7cbe854078d1ac9338744f61a02 -> 
  custom:container-muxer-webm: aa71ff27fc2769a1b78a27578f13a17b -> 
  custom:video-decoder-webm-vp8: 9c59270c3fd7afecdb556c50c9e8de78 -> 
  custom:SearchIndexIgnoredProperties: e643bd26f0fe6173181afceb89e7c659 -> 
  custom:AudioImporter_EditorPlatform: d09bf68614088b80899f8185d706f6e7 -> 
  custom:video-encoder-webm-vp8: eb34c28f22e8b96e1ab97ce403110664 -> 
  custom:audio-decoder-ogg-vorbis: bf7c407c2cedff20999df2af8eb42d56 -> 
  custom:audio-encoder-webm-vorbis: bf7c407c2cedff20999df2af8eb42d56 -> 
========================================================================
Received Import Request.
  Time since last request: 1036896.835743 seconds.
  path: Assets/Scenes/Main2.unity
  artifactKey: Guid(1f3b108480d05be4fb1129666e49dcf1) Importer(815301076,1909f56bfc062723c751e8b465ee728b)
Start importing Assets/Scenes/Main2.unity using Guid(1f3b108480d05be4fb1129666e49dcf1) Importer(815301076,1909f56bfc062723c751e8b465ee728b)  -> (artifact id: 'f6dd53e12a286bd707e979690db462f8') in 0.002340 seconds
Number of updated asset objects reloaded before import = 0
Number of asset objects unloaded after import = 0
========================================================================
Received Import Request.
  Time since last request: 25.108959 seconds.
  path: Assets/Oculus/OculusProjectConfig.asset
  artifactKey: Guid(bc5252ba3d48222419cb5a58305139ba) Importer(815301076,1909f56bfc062723c751e8b465ee728b)
Start importing Assets/Oculus/OculusProjectConfig.asset using Guid(bc5252ba3d48222419cb5a58305139ba) Importer(815301076,1909f56bfc062723c751e8b465ee728b)  -> (artifact id: 'f292152daef29304dc8edcb8d15322fd') in 0.009218 seconds
Number of updated asset objects reloaded before import = 0
Number of asset objects unloaded after import = 1
========================================================================
Received Import Request.
  Time since last request: 0.889200 seconds.
  path: Packages/com.meta.xr.sdk.core/Materials/Arrow.mat
  artifactKey: Guid(669025377795b574da66d9bb2472fcab) Importer(815301076,1909f56bfc062723c751e8b465ee728b)
Start importing Packages/com.meta.xr.sdk.core/Materials/Arrow.mat using Guid(669025377795b574da66d9bb2472fcab) Importer(815301076,1909f56bfc062723c751e8b465ee728b)  -> (artifact id: '951ce2b133b3ba514d2c985edbfeac4b') in 0.061090 seconds
Number of updated asset objects reloaded before import = 0
Number of asset objects unloaded after import = 1
========================================================================
Received Import Request.
  Time since last request: 0.000022 seconds.
  path: Packages/com.meta.xr.sdk.core/Materials/PlainMaterial.mat
  artifactKey: Guid(26cadeeaa29498d4889f43542f3add58) Importer(815301076,1909f56bfc062723c751e8b465ee728b)
Start importing Packages/com.meta.xr.sdk.core/Materials/PlainMaterial.mat using Guid(26cadeeaa29498d4889f43542f3add58) Importer(815301076,1909f56bfc062723c751e8b465ee728b)  -> (artifact id: '7853f21498aa018cb2eff2a689ac837d') in 0.073206 seconds
Number of updated asset objects reloaded before import = 0
Number of asset objects unloaded after import = 1
========================================================================
Received Import Request.
  Time since last request: 0.000033 seconds.
  path: Packages/com.meta.xr.sdk.core/Editor/BuildingBlocks/BlockData/RoomModel/Materials/Green.mat
  artifactKey: Guid(074f7ca1cb31a2541a295200f16705d9) Importer(815301076,1909f56bfc062723c751e8b465ee728b)
Start importing Packages/com.meta.xr.sdk.core/Editor/BuildingBlocks/BlockData/RoomModel/Materials/Green.mat using Guid(074f7ca1cb31a2541a295200f16705d9) Importer(815301076,1909f56bfc062723c751e8b465ee728b)  -> (artifact id: '49a0115202cc5fb0fe4a6dddf8ab4458') in 0.038163 seconds
Number of updated asset objects reloaded before import = 0
Number of asset objects unloaded after import = 1
========================================================================
Received Import Request.
  Time since last request: 0.000013 seconds.
  path: Assets/Versatile Studio Assets/Demo City By Versatile Studio/Materials/highrise_facades.mat
  artifactKey: Guid(c6b94b952e067714f807fc7aeb7cbbc0) Importer(815301076,1909f56bfc062723c751e8b465ee728b)
Start importing Assets/Versatile Studio Assets/Demo City By Versatile Studio/Materials/highrise_facades.mat using Guid(c6b94b952e067714f807fc7aeb7cbbc0) Importer(815301076,1909f56bfc062723c751e8b465ee728b)  -> (artifact id: '8b1c0a5b1b7128aba9ff0a18a7bffafe') in 0.189083 seconds
Number of updated asset objects reloaded before import = 0
Number of asset objects unloaded after import = 4
========================================================================
Received Import Request.
  Time since last request: 0.000015 seconds.
  path: Packages/com.meta.xr.sdk.core/Meshes/OculusTouchForRift/left_touch_controller_model_skel.fbx
  artifactKey: Guid(c3ba18e9fa5e9104098cbdbb3e23a5b4) Importer(815301076,1909f56bfc062723c751e8b465ee728b)
Start importing Packages/com.meta.xr.sdk.core/Meshes/OculusTouchForRift/left_touch_controller_model_skel.fbx using Guid(c3ba18e9fa5e9104098cbdbb3e23a5b4) Importer(815301076,1909f56bfc062723c751e8b465ee728b)  -> (artifact id: 'c3b69e7def93aee4d43e570295c9fce3') in 0.212685 seconds
Number of updated asset objects reloaded before import = 0
Number of asset objects unloaded after import = 48
========================================================================
Received Import Request.
  Time since last request: 0.000025 seconds.
  path: Packages/com.meta.xr.sdk.core/Materials/SelectionRay.mat
  artifactKey: Guid(02f4d91e963f1e74d8bee0002c24efe7) Importer(815301076,1909f56bfc062723c751e8b465ee728b)
Start importing Packages/com.meta.xr.sdk.core/Materials/SelectionRay.mat using Guid(02f4d91e963f1e74d8bee0002c24efe7) Importer(815301076,1909f56bfc062723c751e8b465ee728b)  -> (artifact id: '1df763435d57a60d94651290a790af39') in 0.010884 seconds
Number of updated asset objects reloaded before import = 0
Number of asset objects unloaded after import = 1
========================================================================
Received Import Request.
  Time since last request: 0.000020 seconds.
  path: Assets/Versatile Studio Assets/Demo City By Versatile Studio/Models/Materials/No Name.mat
  artifactKey: Guid(f38e1f548efcb394e9787cc753172723) Importer(815301076,1909f56bfc062723c751e8b465ee728b)
Start importing Assets/Versatile Studio Assets/Demo City By Versatile Studio/Models/Materials/No Name.mat using Guid(f38e1f548efcb394e9787cc753172723) Importer(815301076,1909f56bfc062723c751e8b465ee728b)  -> (artifact id: '6a7184e1c04af21a652790488f815308') in 0.011131 seconds
Number of updated asset objects reloaded before import = 0
Number of asset objects unloaded after import = 1
========================================================================
Received Import Request.
  Time since last request: 0.000020 seconds.
  path: Packages/com.meta.xr.sdk.core/Materials/BasicHandMaterial.mat
  artifactKey: Guid(5ba7d209f622bb44e87b47ce27ee27b7) Importer(815301076,1909f56bfc062723c751e8b465ee728b)
Start importing Packages/com.meta.xr.sdk.core/Materials/BasicHandMaterial.mat using Guid(5ba7d209f622bb44e87b47ce27ee27b7) Importer(815301076,1909f56bfc062723c751e8b465ee728b)  -> (artifact id: '3121b5c75b6a4d483c9af844b05610c1') in 0.125606 seconds
Number of updated asset objects reloaded before import = 0
Number of asset objects unloaded after import = 2
========================================================================
Received Import Request.
  Time since last request: 0.000016 seconds.
  path: Assets/Versatile Studio Assets/Demo City By Versatile Studio/Materials/highway_wall.mat
  artifactKey: Guid(d6de95fc1051f9e40a1c2b8cfada2c7c) Importer(815301076,1909f56bfc062723c751e8b465ee728b)
Start importing Assets/Versatile Studio Assets/Demo City By Versatile Studio/Materials/highway_wall.mat using Guid(d6de95fc1051f9e40a1c2b8cfada2c7c) Importer(815301076,1909f56bfc062723c751e8b465ee728b)  -> (artifact id: 'a5c5578916931ce0fa287963e4cea34a') in 0.069811 seconds
Number of updated asset objects reloaded before import = 0
Number of asset objects unloaded after import = 3
========================================================================
Received Import Request.
  Time since last request: 0.000018 seconds.
  path: Packages/com.meta.xr.sdk.core/Editor/BuildingBlocks/BlockData/RoomModel/Materials/Red.mat
  artifactKey: Guid(891cb734b1022d246a31907346236591) Importer(815301076,1909f56bfc062723c751e8b465ee728b)
Start importing Packages/com.meta.xr.sdk.core/Editor/BuildingBlocks/BlockData/RoomModel/Materials/Red.mat using Guid(891cb734b1022d246a31907346236591) Importer(815301076,1909f56bfc062723c751e8b465ee728b)  -> (artifact id: '12995f30cc58d2ba29d46c281ab7c46b') in 0.013200 seconds
Number of updated asset objects reloaded before import = 0
Number of asset objects unloaded after import = 1
========================================================================
Received Import Request.
  Time since last request: 0.000023 seconds.
  path: Assets/Skyboxs/jachigiSkyboxMat.mat
  artifactKey: Guid(8be40aec18148a04eadf4f481866d7c4) Importer(815301076,1909f56bfc062723c751e8b465ee728b)
Start importing Assets/Skyboxs/jachigiSkyboxMat.mat using Guid(8be40aec18148a04eadf4f481866d7c4) Importer(815301076,1909f56bfc062723c751e8b465ee728b)  -> (artifact id: '1d35cfcf5c00a6fb5ca1f7ff932d5b5a') in 0.025624 seconds
Number of updated asset objects reloaded before import = 0
Number of asset objects unloaded after import = 2
========================================================================
Received Import Request.
  Time since last request: 0.000017 seconds.
  path: Packages/com.meta.xr.sdk.core/Meshes/OculusTouchForQuest2/Materials/OculusTouchForQuest2_MAT.fbx
  artifactKey: Guid(ad2069ba7fe0238489d3531897cea8cf) Importer(815301076,1909f56bfc062723c751e8b465ee728b)
Start importing Packages/com.meta.xr.sdk.core/Meshes/OculusTouchForQuest2/Materials/OculusTouchForQuest2_MAT.fbx using Guid(ad2069ba7fe0238489d3531897cea8cf) Importer(815301076,1909f56bfc062723c751e8b465ee728b)  -> (artifact id: '383e67063c173a0b7aca8041f276636b') in 0.023822 seconds
Number of updated asset objects reloaded before import = 0
Number of asset objects unloaded after import = 9
========================================================================
Received Import Request.
  Time since last request: 0.000013 seconds.
  path: Packages/com.meta.xr.sdk.core/Materials/OVRHandRay.mat
  artifactKey: Guid(8b2601bbc5e1b6c4cb90cdf387dd0155) Importer(815301076,1909f56bfc062723c751e8b465ee728b)
Start importing Packages/com.meta.xr.sdk.core/Materials/OVRHandRay.mat using Guid(8b2601bbc5e1b6c4cb90cdf387dd0155) Importer(815301076,1909f56bfc062723c751e8b465ee728b)  -> (artifact id: '802ad59e05065dbc11c0f1d7c63e5631') in 0.039560 seconds
Number of updated asset objects reloaded before import = 0
Number of asset objects unloaded after import = 2
========================================================================
Received Import Request.
  Time since last request: 0.000015 seconds.
  path: Assets/Versatile Studio Assets/Demo City By Versatile Studio/Materials/road_sideway_fences.mat
  artifactKey: Guid(c57573062fdc7674c8ed160dd5f06f62) Importer(815301076,1909f56bfc062723c751e8b465ee728b)
Start importing Assets/Versatile Studio Assets/Demo City By Versatile Studio/Materials/road_sideway_fences.mat using Guid(c57573062fdc7674c8ed160dd5f06f62) Importer(815301076,1909f56bfc062723c751e8b465ee728b)  -> (artifact id: '963cb73c0568425e1c2ed0cc37634525') in 0.025657 seconds
Number of updated asset objects reloaded before import = 0
Number of asset objects unloaded after import = 3
========================================================================
Received Import Request.
  Time since last request: 0.000014 seconds.
  path: Packages/com.meta.xr.sdk.core/Materials/OVRHandRaySelected.mat
  artifactKey: Guid(64bd7edbafa17d24383f5cab92452c88) Importer(815301076,1909f56bfc062723c751e8b465ee728b)
Start importing Packages/com.meta.xr.sdk.core/Materials/OVRHandRaySelected.mat using Guid(64bd7edbafa17d24383f5cab92452c88) Importer(815301076,1909f56bfc062723c751e8b465ee728b)  -> (artifact id: 'f9607db6e715d8211257723eadd1dc9e') in 0.152366 seconds
Number of updated asset objects reloaded before import = 0
Number of asset objects unloaded after import = 2
========================================================================
Received Import Request.
  Time since last request: 0.000016 seconds.
  path: Assets/Versatile Studio Assets/Demo City By Versatile Studio/Materials/building_bases.mat
  artifactKey: Guid(7304ae2ab1b71784c9b6e3e785e4d869) Importer(815301076,1909f56bfc062723c751e8b465ee728b)
Start importing Assets/Versatile Studio Assets/Demo City By Versatile Studio/Materials/building_bases.mat using Guid(7304ae2ab1b71784c9b6e3e785e4d869) Importer(815301076,1909f56bfc062723c751e8b465ee728b)  -> (artifact id: '6f1bbb207e74198cadeeb89b8fd29cae') in 0.024305 seconds
Number of updated asset objects reloaded before import = 0
Number of asset objects unloaded after import = 3
========================================================================
Received Import Request.
  Time since last request: 0.000023 seconds.
  path: Packages/com.meta.xr.sdk.core/Meshes/HandTracking/OculusHand_R.fbx
  artifactKey: Guid(88e2e1bfe11ec6c438b0ade27eaeded1) Importer(815301076,1909f56bfc062723c751e8b465ee728b)
Start importing Packages/com.meta.xr.sdk.core/Meshes/HandTracking/OculusHand_R.fbx using Guid(88e2e1bfe11ec6c438b0ade27eaeded1) Importer(815301076,1909f56bfc062723c751e8b465ee728b)  -> (artifact id: '039c3a35edb710265377ba6ddfe0be04') in 0.024729 seconds
Number of updated asset objects reloaded before import = 0
Number of asset objects unloaded after import = 167
========================================================================
Received Import Request.
  Time since last request: 0.000015 seconds.
  path: Assets/Versatile Studio Assets/Demo City By Versatile Studio/Materials/orange_light.mat
  artifactKey: Guid(faba0caff81e6d041a9f29d7045d39bf) Importer(815301076,1909f56bfc062723c751e8b465ee728b)
Start importing Assets/Versatile Studio Assets/Demo City By Versatile Studio/Materials/orange_light.mat using Guid(faba0caff81e6d041a9f29d7045d39bf) Importer(815301076,1909f56bfc062723c751e8b465ee728b)  -> (artifact id: '277880b699b0c29aee6ad47491336c83') in 0.009181 seconds
Number of updated asset objects reloaded before import = 0
Number of asset objects unloaded after import = 1
========================================================================
Received Import Request.
  Time since last request: 0.000017 seconds.
  path: Packages/com.meta.xr.sdk.core/Meshes/OculusTouchForRift/Materials/OculusTouchForRift_Material.fbx
  artifactKey: Guid(76f6075ec84afca46b2a5e5b3bfdf8ce) Importer(815301076,1909f56bfc062723c751e8b465ee728b)
Start importing Packages/com.meta.xr.sdk.core/Meshes/OculusTouchForRift/Materials/OculusTouchForRift_Material.fbx using Guid(76f6075ec84afca46b2a5e5b3bfdf8ce) Importer(815301076,1909f56bfc062723c751e8b465ee728b)  -> (artifact id: '5d4f0847956c798c3c73b1aa56d31aa8') in 0.026764 seconds
Number of updated asset objects reloaded before import = 0
Number of asset objects unloaded after import = 9
========================================================================
Received Import Request.
  Time since last request: 0.000015 seconds.
  path: Packages/com.meta.xr.sdk.core/Meshes/MetaQuestTouchPro/Materials/batteryIndicator_mat.mat
  artifactKey: Guid(3abd38e0d18db6c49b2c96961d69d024) Importer(815301076,1909f56bfc062723c751e8b465ee728b)
Start importing Packages/com.meta.xr.sdk.core/Meshes/MetaQuestTouchPro/Materials/batteryIndicator_mat.mat using Guid(3abd38e0d18db6c49b2c96961d69d024) Importer(815301076,1909f56bfc062723c751e8b465ee728b)  -> (artifact id: 'f24b969561bc44cf7e4339555bf5bebe') in 0.030338 seconds
Number of updated asset objects reloaded before import = 0
Number of asset objects unloaded after import = 2
========================================================================
Received Import Request.
  Time since last request: 0.000018 seconds.
  path: Packages/com.meta.xr.sdk.core/Meshes/OculusTouchForRift/Materials/OculusTouchForRift_Material.mat
  artifactKey: Guid(eacafe280fdfa6a44845c135057ae6a5) Importer(815301076,1909f56bfc062723c751e8b465ee728b)
Start importing Packages/com.meta.xr.sdk.core/Meshes/OculusTouchForRift/Materials/OculusTouchForRift_Material.mat using Guid(eacafe280fdfa6a44845c135057ae6a5) Importer(815301076,1909f56bfc062723c751e8b465ee728b)  -> (artifact id: 'a03c1e3895b09a5ffdd4872650e5613b') in 0.025342 seconds
Number of updated asset objects reloaded before import = 0
Number of asset objects unloaded after import = 2
========================================================================
Received Import Request.
  Time since last request: 0.000015 seconds.
  path: Packages/com.meta.xr.sdk.core/Editor/BuildingBlocks/BlockData/SampleSpatialAnchorController/Materials/IconBackground.mat
  artifactKey: Guid(d926560f9f4cfa240ae27300a8c77531) Importer(815301076,1909f56bfc062723c751e8b465ee728b)
Start importing Packages/com.meta.xr.sdk.core/Editor/BuildingBlocks/BlockData/SampleSpatialAnchorController/Materials/IconBackground.mat using Guid(d926560f9f4cfa240ae27300a8c77531) Importer(815301076,1909f56bfc062723c751e8b465ee728b)  -> (artifact id: '4c4cb52f76d11c2b451d1783160820d4') in 0.010687 seconds
Number of updated asset objects reloaded before import = 0
Number of asset objects unloaded after import = 1
========================================================================
Received Import Request.
  Time since last request: 0.000015 seconds.
  path: Packages/com.meta.xr.sdk.core/Meshes/MetaQuestTouchPlus/Materials/MetaQuestTouchPlusMATphong_left.mat
  artifactKey: Guid(5487a7af70ff7364996d8da93d056fa9) Importer(815301076,1909f56bfc062723c751e8b465ee728b)
Start importing Packages/com.meta.xr.sdk.core/Meshes/MetaQuestTouchPlus/Materials/MetaQuestTouchPlusMATphong_left.mat using Guid(5487a7af70ff7364996d8da93d056fa9) Importer(815301076,1909f56bfc062723c751e8b465ee728b)  -> (artifact id: 'a34090d0408171833f95cf5f984abefa') in 0.250410 seconds
Number of updated asset objects reloaded before import = 0
Number of asset objects unloaded after import = 4
========================================================================
Received Import Request.
  Time since last request: 0.000015 seconds.
  path: Assets/Versatile Studio Assets/Demo City By Versatile Studio/Materials/pink_light.mat
  artifactKey: Guid(dacfa358e9317634f9d90daba2a320f3) Importer(815301076,1909f56bfc062723c751e8b465ee728b)
Start importing Assets/Versatile Studio Assets/Demo City By Versatile Studio/Materials/pink_light.mat using Guid(dacfa358e9317634f9d90daba2a320f3) Importer(815301076,1909f56bfc062723c751e8b465ee728b)  -> (artifact id: 'c3777a79a29958d100d1cd40e21a0997') in 0.005327 seconds
Number of updated asset objects reloaded before import = 0
Number of asset objects unloaded after import = 1
========================================================================
Received Import Request.
  Time since last request: 0.000045 seconds.
  path: Assets/Versatile Studio Assets/Demo City By Versatile Studio/Materials/asphalt_highway.mat
  artifactKey: Guid(efba80df10aeb624e82f4d1d32902613) Importer(815301076,1909f56bfc062723c751e8b465ee728b)
Start importing Assets/Versatile Studio Assets/Demo City By Versatile Studio/Materials/asphalt_highway.mat using Guid(efba80df10aeb624e82f4d1d32902613) Importer(815301076,1909f56bfc062723c751e8b465ee728b)  -> (artifact id: 'ceae58176da242ff81981f1bece789f8') in 0.215976 seconds
Number of updated asset objects reloaded before import = 0
Number of asset objects unloaded after import = 4
========================================================================
Received Import Request.
  Time since last request: 0.000016 seconds.
  path: Packages/com.meta.xr.sdk.core/Materials/gaze_cursor.mat
  artifactKey: Guid(7f31de375e167154aa45929466af30e4) Importer(815301076,1909f56bfc062723c751e8b465ee728b)
Start importing Packages/com.meta.xr.sdk.core/Materials/gaze_cursor.mat using Guid(7f31de375e167154aa45929466af30e4) Importer(815301076,1909f56bfc062723c751e8b465ee728b)  -> (artifact id: 'f64bf3a759c479b5ee3d7c97ef80572e') in 0.015457 seconds
Number of updated asset objects reloaded before import = 0
Number of asset objects unloaded after import = 2
========================================================================
Received Import Request.
  Time since last request: 0.000027 seconds.
  path: Packages/com.meta.xr.sdk.core/Meshes/MetaQuestTouchPro/Materials/MetaQuestProLeft_Material.mat
  artifactKey: Guid(b58fdf466c162d447913b955fc10ad96) Importer(815301076,1909f56bfc062723c751e8b465ee728b)
Start importing Packages/com.meta.xr.sdk.core/Meshes/MetaQuestTouchPro/Materials/MetaQuestProLeft_Material.mat using Guid(b58fdf466c162d447913b955fc10ad96) Importer(815301076,1909f56bfc062723c751e8b465ee728b)  -> (artifact id: 'f3b5ad7685a8db4717773f6924e8ed21') in 0.055004 seconds
Number of updated asset objects reloaded before import = 0
Number of asset objects unloaded after import = 3
========================================================================
Received Import Request.
  Time since last request: 0.000014 seconds.
  path: Assets/Versatile Studio Assets/Demo City By Versatile Studio/Materials/asphalt_4_tracks.mat
  artifactKey: Guid(3216e81dc42407948a4889aa3c979c6a) Importer(815301076,1909f56bfc062723c751e8b465ee728b)
Start importing Assets/Versatile Studio Assets/Demo City By Versatile Studio/Materials/asphalt_4_tracks.mat using Guid(3216e81dc42407948a4889aa3c979c6a) Importer(815301076,1909f56bfc062723c751e8b465ee728b)  -> (artifact id: 'ff5cf9594df9caee5cd2a59d218f31c5') in 0.094393 seconds
Number of updated asset objects reloaded before import = 0
Number of asset objects unloaded after import = 4
========================================================================
Received Import Request.
  Time since last request: 0.000017 seconds.
  path: Packages/com.meta.xr.sdk.core/Meshes/OculusTouchForQuestAndRiftS/Materials/OculusTouchForQuestAndRiftS_Material.fbx
  artifactKey: Guid(e878dcbefebb86f478a53130d09dd0ac) Importer(815301076,1909f56bfc062723c751e8b465ee728b)
Start importing Packages/com.meta.xr.sdk.core/Meshes/OculusTouchForQuestAndRiftS/Materials/OculusTouchForQuestAndRiftS_Material.fbx using Guid(e878dcbefebb86f478a53130d09dd0ac) Importer(815301076,1909f56bfc062723c751e8b465ee728b)  -> (artifact id: '99f155816aa0956c2c46ab6eaa067133') in 0.021643 seconds
Number of updated asset objects reloaded before import = 0
Number of asset objects unloaded after import = 9
========================================================================
Received Import Request.
  Time since last request: 0.000014 seconds.
  path: Assets/Skyboxs/mainSkyboxMat.mat
  artifactKey: Guid(1e35e33e9c3e1944d90860536ffbc0f2) Importer(815301076,1909f56bfc062723c751e8b465ee728b)
Start importing Assets/Skyboxs/mainSkyboxMat.mat using Guid(1e35e33e9c3e1944d90860536ffbc0f2) Importer(815301076,1909f56bfc062723c751e8b465ee728b)  -> (artifact id: 'b130790b8c0151a1b5b5112013fd03ae') in 0.026984 seconds
Number of updated asset objects reloaded before import = 0
Number of asset objects unloaded after import = 2
========================================================================
Received Import Request.
  Time since last request: 0.000015 seconds.
  path: Assets/Versatile Studio Assets/Demo City By Versatile Studio/Materials/blue_light.mat
  artifactKey: Guid(47791ffc03ec2c64fbd077752860cd51) Importer(815301076,1909f56bfc062723c751e8b465ee728b)
Start importing Assets/Versatile Studio Assets/Demo City By Versatile Studio/Materials/blue_light.mat using Guid(47791ffc03ec2c64fbd077752860cd51) Importer(815301076,1909f56bfc062723c751e8b465ee728b)  -> (artifact id: 'b2f791e1606e6abef40ba752e1660ebe') in 0.016880 seconds
Number of updated asset objects reloaded before import = 0
Number of asset objects unloaded after import = 1
========================================================================
Received Import Request.
  Time since last request: 0.000050 seconds.
  path: Packages/com.meta.xr.sdk.core/Editor/BuildingBlocks/BlockData/SampleSpatialAnchorController/Materials/Green.mat
  artifactKey: Guid(275b2c99765ede142919b05d8a0a22b0) Importer(815301076,1909f56bfc062723c751e8b465ee728b)
Start importing Packages/com.meta.xr.sdk.core/Editor/BuildingBlocks/BlockData/SampleSpatialAnchorController/Materials/Green.mat using Guid(275b2c99765ede142919b05d8a0a22b0) Importer(815301076,1909f56bfc062723c751e8b465ee728b)  -> (artifact id: '40e34492bda48a467ade7b429c663866') in 0.010357 seconds
Number of updated asset objects reloaded before import = 0
Number of asset objects unloaded after import = 1
========================================================================
Received Import Request.
  Time since last request: 0.000022 seconds.
  path: Packages/com.meta.xr.sdk.core/Editor/BuildingBlocks/BlockData/HandTracking/Materials/DefaultHandMaterial.mat
  artifactKey: Guid(aa70c70787230f248b33d8a0ce1a6c3d) Importer(815301076,1909f56bfc062723c751e8b465ee728b)
Start importing Packages/com.meta.xr.sdk.core/Editor/BuildingBlocks/BlockData/HandTracking/Materials/DefaultHandMaterial.mat using Guid(aa70c70787230f248b33d8a0ce1a6c3d) Importer(815301076,1909f56bfc062723c751e8b465ee728b)  -> (artifact id: 'bc19f5bc7b5ed167974a2b4f06a40f89') in 0.010393 seconds
Number of updated asset objects reloaded before import = 0
Number of asset objects unloaded after import = 1
========================================================================
Received Import Request.
  Time since last request: 0.000059 seconds.
  path: Packages/com.meta.xr.sdk.core/Meshes/MetaQuestTouchPlus/Materials/MetaQuestTouchPlusMATphong_right.mat
  artifactKey: Guid(4b13877204bf5394c80dc8b6e469ec13) Importer(815301076,1909f56bfc062723c751e8b465ee728b)
Start importing Packages/com.meta.xr.sdk.core/Meshes/MetaQuestTouchPlus/Materials/MetaQuestTouchPlusMATphong_right.mat using Guid(4b13877204bf5394c80dc8b6e469ec13) Importer(815301076,1909f56bfc062723c751e8b465ee728b)  -> (artifact id: 'b12dbff0cac960cac5abe3cc354edaa2') in 0.058673 seconds
Number of updated asset objects reloaded before import = 0
Number of asset objects unloaded after import = 4
========================================================================
Received Import Request.
  Time since last request: 0.000016 seconds.
  path: Packages/com.meta.xr.sdk.core/Meshes/MetaQuestTouchPro/Materials/MetaQuestProRight_Material.fbx
  artifactKey: Guid(6fce4d906dba56f4bb507682dbb5b81d) Importer(815301076,1909f56bfc062723c751e8b465ee728b)
Start importing Packages/com.meta.xr.sdk.core/Meshes/MetaQuestTouchPro/Materials/MetaQuestProRight_Material.fbx using Guid(6fce4d906dba56f4bb507682dbb5b81d) Importer(815301076,1909f56bfc062723c751e8b465ee728b)  -> (artifact id: '86c854e9cc93986b6127e496d0955b85') in 0.052575 seconds
Number of updated asset objects reloaded before import = 0
Number of asset objects unloaded after import = 10
========================================================================
Received Import Request.
  Time since last request: 0.000015 seconds.
  path: Packages/com.meta.xr.sdk.core/Materials/cursor_timer_material.mat
  artifactKey: Guid(9531aa878fd5c4749b288b72024e8d2f) Importer(815301076,1909f56bfc062723c751e8b465ee728b)
Start importing Packages/com.meta.xr.sdk.core/Materials/cursor_timer_material.mat using Guid(9531aa878fd5c4749b288b72024e8d2f) Importer(815301076,1909f56bfc062723c751e8b465ee728b)  -> (artifact id: '00dfd2ab8dc3d54b22eb78145cca67f4') in 0.022308 seconds
Number of updated asset objects reloaded before import = 0
Number of asset objects unloaded after import = 3
========================================================================
Received Import Request.
  Time since last request: 0.000015 seconds.
  path: Packages/com.meta.xr.sdk.core/Materials/GazePointer.mat
  artifactKey: Guid(3fac3b9744290eb4c89b0e4ffd5fe085) Importer(815301076,1909f56bfc062723c751e8b465ee728b)
Start importing Packages/com.meta.xr.sdk.core/Materials/GazePointer.mat using Guid(3fac3b9744290eb4c89b0e4ffd5fe085) Importer(815301076,1909f56bfc062723c751e8b465ee728b)  -> (artifact id: 'f2ac07f344b5c6f958c681f6bf071f7a') in 0.017028 seconds
Number of updated asset objects reloaded before import = 0
Number of asset objects unloaded after import = 2
========================================================================
Received Import Request.
  Time since last request: 0.000014 seconds.
  path: Assets/Versatile Studio Assets/Demo City By Versatile Studio/Materials/asphalt_2_tracks.mat
  artifactKey: Guid(f96faff657ba0a54d8392a93c22371a9) Importer(815301076,1909f56bfc062723c751e8b465ee728b)
Start importing Assets/Versatile Studio Assets/Demo City By Versatile Studio/Materials/asphalt_2_tracks.mat using Guid(f96faff657ba0a54d8392a93c22371a9) Importer(815301076,1909f56bfc062723c751e8b465ee728b)  -> (artifact id: '08f73d8fbd21dd2e0ae0e8ca10c59b01') in 0.087278 seconds
Number of updated asset objects reloaded before import = 0
Number of asset objects unloaded after import = 4
========================================================================
Received Import Request.
  Time since last request: 24.707754 seconds.
  path: Assets/Versatile Studio Assets/Demo City By Versatile Studio/Prefabs/bench.prefab
  artifactKey: Guid(e3cdcd01b3ecc3b4da788a3ff03a9e28) Importer(815301076,1909f56bfc062723c751e8b465ee728b)
Start importing Assets/Versatile Studio Assets/Demo City By Versatile Studio/Prefabs/bench.prefab using Guid(e3cdcd01b3ecc3b4da788a3ff03a9e28) Importer(815301076,1909f56bfc062723c751e8b465ee728b)  -> (artifact id: '54817d668c991fa4f23b804a0a39e118') in 0.016136 seconds
Number of updated asset objects reloaded before import = 0
Number of asset objects unloaded after import = 10
========================================================================
Received Import Request.
  Time since last request: 0.000013 seconds.
  path: Assets/Versatile Studio Assets/Demo City By Versatile Studio/Prefabs/lamp_pole_single_blue.prefab
  artifactKey: Guid(2428e7e466b559e43a0e4202eae899ff) Importer(815301076,1909f56bfc062723c751e8b465ee728b)
Start importing Assets/Versatile Studio Assets/Demo City By Versatile Studio/Prefabs/lamp_pole_single_blue.prefab using Guid(2428e7e466b559e43a0e4202eae899ff) Importer(815301076,1909f56bfc062723c751e8b465ee728b)  -> (artifact id: '29e920d6800a52b0639d536f3dc24ffa') in 0.028762 seconds
Number of updated asset objects reloaded before import = 0
Number of asset objects unloaded after import = 17
========================================================================
Received Import Request.
  Time since last request: 0.000016 seconds.
  path: Assets/Versatile Studio Assets/Demo City By Versatile Studio/Prefabs/factory_building_big.prefab
  artifactKey: Guid(9bb7d850f09915e418ad6c2416757b9d) Importer(815301076,1909f56bfc062723c751e8b465ee728b)
Start importing Assets/Versatile Studio Assets/Demo City By Versatile Studio/Prefabs/factory_building_big.prefab using Guid(9bb7d850f09915e418ad6c2416757b9d) Importer(815301076,1909f56bfc062723c751e8b465ee728b)  -> (artifact id: '9e6e29fd17533fefe755e92bdd9c385b') in 0.700890 seconds
Number of updated asset objects reloaded before import = 0
Number of asset objects unloaded after import = 30
========================================================================
Received Import Request.
  Time since last request: 0.000015 seconds.
  path: Packages/com.meta.xr.sdk.core/Prefabs/OVRControllerPrefab.prefab
  artifactKey: Guid(d9809c5e8418bb047bf2c8ba1d1a2cec) Importer(815301076,1909f56bfc062723c751e8b465ee728b)
Start importing Packages/com.meta.xr.sdk.core/Prefabs/OVRControllerPrefab.prefab using Guid(d9809c5e8418bb047bf2c8ba1d1a2cec) Importer(815301076,1909f56bfc062723c751e8b465ee728b)  -> (artifact id: 'a13f240062b5ab0733e9b1ae41b67c83') in 0.319003 seconds
Number of updated asset objects reloaded before import = 0
Number of asset objects unloaded after import = 1008
========================================================================
Received Import Request.
  Time since last request: 0.000028 seconds.
  path: Assets/Versatile Studio Assets/Demo City By Versatile Studio/Prefabs/factory_building_small.prefab
  artifactKey: Guid(0a984da1cd0ebf846ab2481ce6b77b3f) Importer(815301076,1909f56bfc062723c751e8b465ee728b)
Start importing Assets/Versatile Studio Assets/Demo City By Versatile Studio/Prefabs/factory_building_small.prefab using Guid(0a984da1cd0ebf846ab2481ce6b77b3f) Importer(815301076,1909f56bfc062723c751e8b465ee728b)  -> (artifact id: '782ff58e9d2c2ca54d7d6c21d174a72e') in 0.404397 seconds
Number of updated asset objects reloaded before import = 0
Number of asset objects unloaded after import = 30
========================================================================
Received Import Request.
  Time since last request: 0.000041 seconds.
  path: Assets/Versatile Studio Assets/Demo City By Versatile Studio/Prefabs/mid_house_4_2.prefab
  artifactKey: Guid(3329082d61256954d934428d2d1c7b71) Importer(815301076,1909f56bfc062723c751e8b465ee728b)
Start importing Assets/Versatile Studio Assets/Demo City By Versatile Studio/Prefabs/mid_house_4_2.prefab using Guid(3329082d61256954d934428d2d1c7b71) Importer(815301076,1909f56bfc062723c751e8b465ee728b)  -> (artifact id: 'ed31da089bd419e7b6bd7d050725f2ae') in 0.324057 seconds
Number of updated asset objects reloaded before import = 0
Number of asset objects unloaded after import = 26
========================================================================
Received Import Request.
  Time since last request: 0.000026 seconds.
  path: Assets/Versatile Studio Assets/Demo City By Versatile Studio/Prefabs/mid_house_1.prefab
  artifactKey: Guid(a2dd7ebabc38532429e0b24b1e4b2207) Importer(815301076,1909f56bfc062723c751e8b465ee728b)
Start importing Assets/Versatile Studio Assets/Demo City By Versatile Studio/Prefabs/mid_house_1.prefab using Guid(a2dd7ebabc38532429e0b24b1e4b2207) Importer(815301076,1909f56bfc062723c751e8b465ee728b)  -> (artifact id: 'e7c7ae3a0e9eb3712fc8bb11131b0fe5') in 0.202734 seconds
Number of updated asset objects reloaded before import = 0
Number of asset objects unloaded after import = 26
========================================================================
Received Prepare
Begin MonoManager ReloadAssembly
- Loaded All Assemblies, in  0.471 seconds
Refreshing native plugins compatible for Editor in 5.96 ms, found 6 plugins.
Native extension for WindowsStandalone target not found
Native extension for Android target not found
[Package Manager] Server::EnsureServerProcessIsRunning -- launch failed, reason: Unity was launched with the -noUpm command-line argument
[Package Manager] UpmClient::Send -- Unable to send message (not connected to UPM process).
[Package Manager] Cannot connect to Unity Package Manager local server
[Package Manager] Server::EnsureServerProcessIsRunning -- launch failed, reason: Unity was launched with the -noUpm command-line argument
[Package Manager] UpmClient::Send -- Unable to send message (not connected to UPM process).
[Package Manager] Cannot connect to Unity Package Manager local server
[Package Manager] Server::EnsureServerProcessIsRunning -- launch failed, reason: Unity was launched with the -noUpm command-line argument
[Package Manager] UpmClient::Send -- Unable to send message (not connected to UPM process).
[Package Manager] Cannot connect to Unity Package Manager local server
System.Reflection.TargetInvocationException: Exception has been thrown by the target of an invocation. ---> System.NullReferenceException: Object reference not set to an instance of an object
  at Unity.XR.Oculus.OculusLoader.AssetPathToAbsolutePath (System.String assetPath) [0x0003d] in .\Library\PackageCache\com.unity.xr.oculus@4.2.0\Runtime\OculusLoader.cs:298 
  at Unity.XR.Oculus.OculusLoader.EditorLoadOVRPlugin () [0x0008c] in .\Library\PackageCache\com.unity.xr.oculus@4.2.0\Runtime\OculusLoader.cs:283 
  at (wrapper managed-to-native) System.Reflection.RuntimeMethodInfo.InternalInvoke(System.Reflection.RuntimeMethodInfo,object,object[],System.Exception&)
  at System.Reflection.RuntimeMethodInfo.Invoke (System.Object obj, System.Reflection.BindingFlags invokeAttr, System.Reflection.Binder binder, System.Object[] parameters, System.Globalization.CultureInfo culture) [0x0006a] in <b11ba2a8fbf24f219f7cc98532a11304>:0 
   --- End of inner exception stack trace ---
  at System.Reflection.RuntimeMethodInfo.Invoke (System.Object obj, System.Reflection.BindingFlags invokeAttr, System.Reflection.Binder binder, System.Object[] parameters, System.Globalization.CultureInfo culture) [0x00083] in <b11ba2a8fbf24f219f7cc98532a11304>:0 
  at System.Reflection.MethodBase.Invoke (System.Object obj, System.Object[] parameters) [0x00000] in <b11ba2a8fbf24f219f7cc98532a11304>:0 
  at UnityEditor.EditorAssemblies.ProcessInitializeOnLoadMethodAttributes () [0x000a5] in <477bdcb097d4488eae58cbed17286dd8>:0 
UnityEngine.StackTraceUtility:ExtractStackTrace ()
UnityEngine.DebugLogHandler:LogFormat (UnityEngine.LogType,UnityEngine.Object,string,object[])
UnityEngine.Logger:Log (UnityEngine.LogType,object)
UnityEngine.Debug:LogError (object)
UnityEditor.EditorAssemblies:ProcessInitializeOnLoadMethodAttributes ()

Mono: successfully reloaded assembly
[Package Manager] Server::EnsureServerProcessIsRunning -- launch failed, reason: Unity was launched with the -noUpm command-line argument
[Package Manager] UpmClient::Send -- Unable to send message (not connected to UPM process).
[Package Manager] Cannot connect to Unity Package Manager local server
- Finished resetting the current domain, in  0.975 seconds
Domain Reload Profiling: 1442ms
	BeginReloadAssembly (165ms)
		ExecutionOrderSort (0ms)
		DisableScriptedObjects (4ms)
		BackupInstance (0ms)
		ReleaseScriptingObjects (0ms)
		CreateAndSetChildDomain (38ms)
	RebuildCommonClasses (30ms)
	RebuildNativeTypeToScriptingClass (10ms)
	initialDomainReloadingComplete (33ms)
	LoadAllAssembliesAndSetupDomain (229ms)
		LoadAssemblies (301ms)
		RebuildTransferFunctionScriptingTraits (0ms)
		AnalyzeDomain (18ms)
			TypeCache.Refresh (8ms)
				TypeCache.ScanAssembly (0ms)
			ScanForSourceGeneratedMonoScriptInfo (0ms)
			ResolveRequiredComponents (9ms)
	FinalizeReload (975ms)
		ReleaseScriptCaches (0ms)
		RebuildScriptCaches (0ms)
		SetupLoadedEditorAssemblies (474ms)
			LogAssemblyErrors (0ms)
			InitializePlatformSupportModulesInManaged (24ms)
			SetLoadedEditorAssemblies (3ms)
			RefreshPlugins (0ms)
			BeforeProcessingInitializeOnLoad (70ms)
			ProcessInitializeOnLoadAttributes (341ms)
			ProcessInitializeOnLoadMethodAttributes (28ms)
			AfterProcessingInitializeOnLoad (8ms)
			EditorAssembliesLoaded (0ms)
		ExecutionOrderSort2 (0ms)
		AwakeInstancesAfterBackupRestoration (7ms)
Shader 'Oculus/OVRMRCameraFrameLit': fallback shader 'Alpha-Diffuse' not found
Refreshing native plugins compatible for Editor in 6.44 ms, found 6 plugins.
Preloading 1 native plugins for Editor in 0.06 ms.
Unloading 3566 Unused Serialized files (Serialized files now loaded: 0)
Unloading 30 unused Assets / (34.2 KB). Loaded Objects now: 4126.
Memory consumption went from 149.3 MB to 149.3 MB.
Total: 3.069000 ms (FindLiveObjects: 0.312400 ms CreateObjectMapping: 0.311500 ms MarkObjects: 2.393300 ms  DeleteObjects: 0.051100 ms)

Prepare: number of updated asset objects reloaded= 0
AssetImportParameters requested are different than current active one (requested -> active):
  custom:container-demuxer-ogg: 62fdf1f143b41e24485cea50d1cbac27 -> 
  custom:video-codec-MediaFoundation-h265: 746d11721c4dcdbdad8f713fa42b33f4 -> 
  custom:video-decoder-ogg-theora: a1e56fd34408186e4bbccfd4996cb3dc -> 
  custom:framework-win-MediaFoundation: 216162199b28c13a410421893ffa2e32 -> 
  custom:CustomObjectIndexerAttribute: 9a22284fe3817be447336de3de66b15e -> 
  custom:container-demuxer-webm: 4f35f7cbe854078d1ac9338744f61a02 -> 
  custom:container-muxer-webm: aa71ff27fc2769a1b78a27578f13a17b -> 
  custom:video-decoder-webm-vp8: 9c59270c3fd7afecdb556c50c9e8de78 -> 
  custom:SearchIndexIgnoredProperties: e643bd26f0fe6173181afceb89e7c659 -> 
  custom:AudioImporter_EditorPlatform: d09bf68614088b80899f8185d706f6e7 -> 
  custom:video-encoder-webm-vp8: eb34c28f22e8b96e1ab97ce403110664 -> 
  custom:audio-decoder-ogg-vorbis: bf7c407c2cedff20999df2af8eb42d56 -> 
  custom:audio-encoder-webm-vorbis: bf7c407c2cedff20999df2af8eb42d56 -> 
Editor requested this worker to shutdown with reason: Scaling down because of idle timeout
TcpMessagingSession - receive error: operation aborted. errorcode: 995, details: ??? ?? ?? ?? ???? ?? ??? I/O ??? ???????.
AssetImportWorker is now disconnected from the server
Process exiting
Exiting without the bug reporter. Application will terminate with return code 0